<?xml version="1.0" encoding="UTF-8"?>
<testng-results ignored="0" total="1" passed="1" failed="0" skipped="0">
  <reporter-output>
    <line>
      <![CDATA[URL is opened]]>
    </line>
    <line>
      <![CDATA[Entered Username]]>
    </line>
    <line>
      <![CDATA[Entered Password]]>
    </line>
    <line>
      <![CDATA[Clicked Login button]]>
    </line>
    <line>
      <![CDATA[Login Test Passed]]>
    </line>
  </reporter-output>
  <suite started-at="2021-12-28T23:55:26 IST" name="SBI_v1" finished-at="2021-12-28T23:55:36 IST" duration-ms="9950">
    <groups>
    </groups>
    <test started-at="2021-12-28T23:55:26 IST" name="SBI Test chrome" finished-at="2021-12-28T23:55:36 IST" duration-ms="9950">
      <class name="com.sbi.testCases.TC_LoginTest_001">
        <test-method is-config="true" signature="setUp(java.lang.String)[pri:0, instance:com.sbi.testCases.TC_LoginTest_001@52e6fdee]" started-at="2021-12-28T23:55:26 IST" name="setUp" finished-at="2021-12-28T23:55:30 IST" duration-ms="3610" status="PASS">
          <params>
            <param index="0">
              <value>
                <![CDATA[chrome]]>
              </value>
            </param>
          </params>
          <reporter-output>
          </reporter-output>
        </test-method> <!-- setUp -->
        <test-method signature="loginTest()[pri:0, instance:com.sbi.testCases.TC_LoginTest_001@52e6fdee]" started-at="2021-12-28T23:55:30 IST" name="loginTest" finished-at="2021-12-28T23:55:36 IST" duration-ms="6021" status="PASS">
          <reporter-output>
            <line>
              <![CDATA[URL is opened]]>
            </line>
            <line>
              <![CDATA[Entered Username]]>
            </line>
            <line>
              <![CDATA[Entered Password]]>
            </line>
            <line>
              <![CDATA[Clicked Login button]]>
            </line>
            <line>
              <![CDATA[Login Test Passed]]>
            </line>
          </reporter-output>
        </test-method> <!-- loginTest -->
        <test-method is-config="true" signature="tearDown()[pri:0, instance:com.sbi.testCases.TC_LoginTest_001@52e6fdee]" started-at="2021-12-28T23:55:36 IST" name="tearDown" finished-at="2021-12-28T23:55:36 IST" duration-ms="259" status="PASS">
          <reporter-output>
          </reporter-output>
        </test-method> <!-- tearDown -->
      </class> <!-- com.sbi.testCases.TC_LoginTest_001 -->
    </test> <!-- SBI Test chrome -->
  </suite> <!-- SBI_v1 -->
</testng-results>
