<?xml version="1.0" encoding="UTF-8"?>
<!-- Generated by org.testng.reporters.JUnitReportReporter -->
<testsuite hostname="DESKTOP-39H5KN2" failures="0" tests="1" name="com.sbi.testCases.TC_LoginTest_001" time="6.021" errors="0" timestamp="2021-12-28T23:55:36 IST" skipped="0">
  <testcase classname="com.sbi.testCases.TC_LoginTest_001" name="loginTest" time="6.021"/>
  <system-out>
    <![CDATA[URL is opened
Entered Username
Entered Password
Clicked Login button
Login Test Passed]]>
  </system-out>
</testsuite> <!-- com.sbi.testCases.TC_LoginTest_001 -->
